2020-12-20 12:53:01,870 [hyp_param_func.py:70] INFO     bayes実行
2020-12-20 12:53:02,286 [gp.py:49] INFO     initializing Y
2020-12-20 12:53:02,286 [gp.py:98] INFO     initializing inference method
2020-12-20 12:53:02,286 [gp.py:107] INFO     adding kernel and likelihood as parameters
2020-12-20 12:53:02,305 [transformations.py:215] INFO     Warning: changing parameters to satisfy constraints
2020-12-20 12:54:20,635 [hyp_param_func.py:70] INFO     bayes実行
2020-12-20 12:54:20,738 [hyp_param_func.py:94] DEBUG    score = 0.9758064516129032
2020-12-20 12:54:20,783 [hyp_param_func.py:94] DEBUG    score = 0.9758064516129032
2020-12-20 12:54:20,822 [hyp_param_func.py:94] DEBUG    score = 0.9758064516129032
2020-12-20 12:54:20,888 [hyp_param_func.py:94] DEBUG    score = 0.9758064516129032
2020-12-20 12:54:20,937 [hyp_param_func.py:94] DEBUG    score = 0.9758064516129032
2020-12-20 12:54:20,943 [gp.py:49] INFO     initializing Y
2020-12-20 12:54:20,943 [gp.py:98] INFO     initializing inference method
2020-12-20 12:54:20,943 [gp.py:107] INFO     adding kernel and likelihood as parameters
2020-12-20 12:54:20,947 [transformations.py:215] INFO     Warning: changing parameters to satisfy constraints
2020-12-20 12:54:21,228 [hyp_param_func.py:94] DEBUG    score = 0.967741935483871
2020-12-20 12:54:21,740 [hyp_param_func.py:94] DEBUG    score = 0.9758064516129032
2020-12-20 12:54:22,056 [hyp_param_func.py:94] DEBUG    score = 0.9758064516129032
2020-12-20 12:54:22,616 [hyp_param_func.py:94] DEBUG    score = 0.9758064516129032
2020-12-20 12:54:23,081 [hyp_param_func.py:94] DEBUG    score = 0.9758064516129032
2020-12-20 12:54:23,628 [hyp_param_func.py:94] DEBUG    score = 0.9758064516129032
2020-12-20 12:54:24,148 [hyp_param_func.py:94] DEBUG    score = 0.9758064516129032
2020-12-20 12:54:24,772 [hyp_param_func.py:94] DEBUG    score = 0.9758064516129032
2020-12-20 12:54:25,294 [hyp_param_func.py:94] DEBUG    score = 0.9758064516129032
2020-12-20 12:54:25,800 [hyp_param_func.py:94] DEBUG    score = 0.9758064516129032
2020-12-20 12:54:26,471 [hyp_param_func.py:94] DEBUG    score = 0.9758064516129032
2020-12-20 12:54:27,027 [hyp_param_func.py:94] DEBUG    score = 0.9758064516129032
2020-12-20 12:54:27,673 [hyp_param_func.py:94] DEBUG    score = 0.9758064516129032
2020-12-20 12:54:28,247 [hyp_param_func.py:94] DEBUG    score = 0.9758064516129032
2020-12-20 12:54:28,841 [hyp_param_func.py:94] DEBUG    score = 0.9758064516129032
2020-12-20 12:54:29,450 [hyp_param_func.py:94] DEBUG    score = 0.967741935483871
2020-12-20 12:54:30,106 [hyp_param_func.py:94] DEBUG    score = 0.9758064516129032
2020-12-20 12:54:30,539 [hyp_param_func.py:94] DEBUG    score = 0.9758064516129032
2020-12-20 12:54:31,055 [hyp_param_func.py:94] DEBUG    score = 0.9758064516129032
2020-12-20 12:54:31,538 [hyp_param_func.py:94] DEBUG    score = 0.967741935483871
2020-12-20 12:54:31,916 [colorbar.py:600] DEBUG    locator: <matplotlib.colorbar._ColorbarAutoLocator object at 0x121728f98>
2020-12-20 12:54:31,917 [colorbar.py:645] DEBUG    Using auto colorbar locator <matplotlib.colorbar._ColorbarAutoLocator object at 0x121728f98> on colorbar
2020-12-20 12:54:31,917 [colorbar.py:802] DEBUG    Setting pcolormesh
2020-12-20 12:54:31,934 [font_manager.py:1334] DEBUG    findfont: Matching sans\-serif:style=normal:variant=normal:weight=normal:stretch=normal:size=10.0.
2020-12-20 12:54:31,935 [font_manager.py:1346] DEBUG    findfont: score(<Font 'DejaVu Sans Mono' (DejaVuSansMono-BoldOblique.ttf) oblique normal 700 normal>) = 11.335
2020-12-20 12:54:31,935 [font_manager.py:1346] DEBUG    findfont: score(<Font 'STIXSizeFourSym' (STIXSizFourSymBol.ttf) normal normal 700 normal>) = 10.335
2020-12-20 12:54:31,935 [font_manager.py:1346] DEBUG    findfont: score(<Font 'STIXSizeThreeSym' (STIXSizThreeSymBol.ttf) normal normal 700 normal>) = 10.335
2020-12-20 12:54:31,936 [font_manager.py:1346] DEBUG    findfont: score(<Font 'DejaVu Sans' (DejaVuSans-Bold.ttf) normal normal 700 normal>) = 0.33499999999999996
2020-12-20 12:54:31,936 [font_manager.py:1346] DEBUG    findfont: score(<Font 'STIXSizeFiveSym' (STIXSizFiveSymReg.ttf) normal normal 400 normal>) = 10.05
2020-12-20 12:54:31,936 [font_manager.py:1346] DEBUG    findfont: score(<Font 'STIXGeneral' (STIXGeneralBol.ttf) normal normal 700 normal>) = 10.335
2020-12-20 12:54:31,936 [font_manager.py:1346] DEBUG    findfont: score(<Font 'STIXSizeTwoSym' (STIXSizTwoSymBol.ttf) normal normal 700 normal>) = 10.335
2020-12-20 12:54:31,936 [font_manager.py:1346] DEBUG    findfont: score(<Font 'STIXGeneral' (STIXGeneral.ttf) normal normal 400 normal>) = 10.05
2020-12-20 12:54:31,936 [font_manager.py:1346] DEBUG    findfont: score(<Font 'cmss10' (cmss10.ttf) normal normal 400 normal>) = 10.05
2020-12-20 12:54:31,936 [font_manager.py:1346] DEBUG    findfont: score(<Font 'DejaVu Sans' (DejaVuSans-Oblique.ttf) oblique normal 400 normal>) = 1.05
2020-12-20 12:54:31,937 [font_manager.py:1346] DEBUG    findfont: score(<Font 'cmsy10' (cmsy10.ttf) normal normal 400 normal>) = 10.05
2020-12-20 12:54:31,937 [font_manager.py:1346] DEBUG    findfont: score(<Font 'STIXGeneral' (STIXGeneralItalic.ttf) italic normal 400 normal>) = 11.05
2020-12-20 12:54:31,937 [font_manager.py:1346] DEBUG    findfont: score(<Font 'cmex10' (cmex10.ttf) normal normal 400 normal>) = 10.05
2020-12-20 12:54:31,937 [font_manager.py:1346] DEBUG    findfont: score(<Font 'DejaVu Serif Display' (DejaVuSerifDisplay.ttf) normal normal 400 normal>) = 10.05
2020-12-20 12:54:31,937 [font_manager.py:1346] DEBUG    findfont: score(<Font 'STIXSizeOneSym' (STIXSizOneSymBol.ttf) normal normal 700 normal>) = 10.335
2020-12-20 12:54:31,937 [font_manager.py:1346] DEBUG    findfont: score(<Font 'STIXNonUnicode' (STIXNonUniBolIta.ttf) italic normal 700 normal>) = 11.335
2020-12-20 12:54:31,937 [font_manager.py:1346] DEBUG    findfont: score(<Font 'cmtt10' (cmtt10.ttf) normal normal 400 normal>) = 10.05
2020-12-20 12:54:31,937 [font_manager.py:1346] DEBUG    findfont: score(<Font 'STIXSizeOneSym' (STIXSizOneSymReg.ttf) normal normal 400 normal>) = 10.05
2020-12-20 12:54:31,937 [font_manager.py:1346] DEBUG    findfont: score(<Font 'DejaVu Sans Mono' (DejaVuSansMono-Oblique.ttf) oblique normal 400 normal>) = 11.05
2020-12-20 12:54:31,937 [font_manager.py:1346] DEBUG    findfont: score(<Font 'cmr10' (cmr10.ttf) normal normal 400 normal>) = 10.05
2020-12-20 12:54:31,938 [font_manager.py:1346] DEBUG    findfont: score(<Font 'DejaVu Serif' (DejaVuSerif-Bold.ttf) normal normal 700 normal>) = 10.335
2020-12-20 12:54:31,938 [font_manager.py:1346] DEBUG    findfont: score(<Font 'STIXSizeFourSym' (STIXSizFourSymReg.ttf) normal normal 400 normal>) = 10.05
2020-12-20 12:54:31,938 [font_manager.py:1346] DEBUG    findfont: score(<Font 'DejaVu Serif' (DejaVuSerif.ttf) normal normal 400 normal>) = 10.05
2020-12-20 12:54:31,938 [font_manager.py:1346] DEBUG    findfont: score(<Font 'DejaVu Sans Mono' (DejaVuSansMono-Bold.ttf) normal normal 700 normal>) = 10.335
2020-12-20 12:54:31,938 [font_manager.py:1346] DEBUG    findfont: score(<Font 'DejaVu Serif' (DejaVuSerif-BoldItalic.ttf) italic normal 700 normal>) = 11.335
2020-12-20 12:54:31,938 [font_manager.py:1346] DEBUG    findfont: score(<Font 'STIXNonUnicode' (STIXNonUni.ttf) normal normal 400 normal>) = 10.05
2020-12-20 12:54:31,938 [font_manager.py:1346] DEBUG    findfont: score(<Font 'DejaVu Sans' (DejaVuSans.ttf) normal normal 400 normal>) = 0.05
2020-12-20 12:54:31,938 [font_manager.py:1346] DEBUG    findfont: score(<Font 'STIXGeneral' (STIXGeneralBolIta.ttf) italic normal 700 normal>) = 11.335
2020-12-20 12:54:31,938 [font_manager.py:1346] DEBUG    findfont: score(<Font 'STIXSizeTwoSym' (STIXSizTwoSymReg.ttf) normal normal 400 normal>) = 10.05
2020-12-20 12:54:31,938 [font_manager.py:1346] DEBUG    findfont: score(<Font 'cmmi10' (cmmi10.ttf) normal normal 400 normal>) = 10.05
2020-12-20 12:54:31,939 [font_manager.py:1346] DEBUG    findfont: score(<Font 'DejaVu Sans Display' (DejaVuSansDisplay.ttf) normal normal 400 normal>) = 10.05
2020-12-20 12:54:31,939 [font_manager.py:1346] DEBUG    findfont: score(<Font 'DejaVu Serif' (DejaVuSerif-Italic.ttf) italic normal 400 normal>) = 11.05
2020-12-20 12:54:31,939 [font_manager.py:1346] DEBUG    findfont: score(<Font 'cmb10' (cmb10.ttf) normal normal 400 normal>) = 10.05
2020-12-20 12:54:31,939 [font_manager.py:1346] DEBUG    findfont: score(<Font 'DejaVu Sans Mono' (DejaVuSansMono.ttf) normal normal 400 normal>) = 10.05
2020-12-20 12:54:31,939 [font_manager.py:1346] DEBUG    findfont: score(<Font 'STIXSizeThreeSym' (STIXSizThreeSymReg.ttf) normal normal 400 normal>) = 10.05
2020-12-20 12:54:31,939 [font_manager.py:1346] DEBUG    findfont: score(<Font 'STIXNonUnicode' (STIXNonUniBol.ttf) normal normal 700 normal>) = 10.335
2020-12-20 12:54:31,939 [font_manager.py:1346] DEBUG    findfont: score(<Font 'DejaVu Sans' (DejaVuSans-BoldOblique.ttf) oblique normal 700 normal>) = 1.335
2020-12-20 12:54:31,939 [font_manager.py:1346] DEBUG    findfont: score(<Font 'STIXNonUnicode' (STIXNonUniIta.ttf) italic normal 400 normal>) = 11.05
2020-12-20 12:54:31,939 [font_manager.py:1346] DEBUG    findfont: score(<Font 'Noto Sans Sundanese' (NotoSansSundanese-Regular.ttf) normal normal 400 normal>) = 10.05
2020-12-20 12:54:31,939 [font_manager.py:1346] DEBUG    findfont: score(<Font 'Comic Sans MS' (Comic Sans MS Bold.ttf) normal normal 700 normal>) = 10.335
2020-12-20 12:54:31,940 [font_manager.py:1346] DEBUG    findfont: score(<Font 'Noto Sans Meetei Mayek' (NotoSansMeeteiMayek-Regular.ttf) normal normal 400 normal>) = 10.05
2020-12-20 12:54:31,940 [font_manager.py:1346] DEBUG    findfont: score(<Font 'Noto Sans Bamum' (NotoSansBamum-Regular.ttf) normal normal 400 normal>) = 10.05
2020-12-20 12:54:31,940 [font_manager.py:1346] DEBUG    findfont: score(<Font 'Malayalam MN' (Malayalam MN.ttc) normal normal 400 normal>) = 10.05
2020-12-20 12:54:31,940 [font_manager.py:1346] DEBUG    findfont: score(<Font 'Tahoma' (Tahoma Bold.ttf) normal normal 700 normal>) = 10.335
2020-12-20 12:54:31,940 [font_manager.py:1346] DEBUG    findfont: score(<Font 'Courier New' (Courier New.ttf) normal normal 400 normal>) = 10.05
2020-12-20 12:54:31,940 [font_manager.py:1346] DEBUG    findfont: score(<Font 'Athelas' (Athelas.ttc) normal normal 400 normal>) = 10.05
2020-12-20 12:54:31,940 [font_manager.py:1346] DEBUG    findfont: score(<Font 'PT Mono' (PTMono.ttc) normal normal 700 normal>) = 10.335
2020-12-20 12:54:31,940 [font_manager.py:1346] DEBUG    findfont: score(<Font 'Muna' (Muna.ttc) normal normal 400 normal>) = 10.05
2020-12-20 12:54:31,941 [font_manager.py:1346] DEBUG    findfont: score(<Font 'Noto Sans Syriac' (NotoSansSyriac-Regular.ttf) normal normal 400 normal>) = 10.05
2020-12-20 12:54:31,941 [font_manager.py:1346] DEBUG    findfont: score(<Font 'East Syriac Ctesiphon' (SyrCOMCtesiphon.otf) normal normal 400 normal>) = 10.05
2020-12-20 12:54:31,941 [font_manager.py:1346] DEBUG    findfont: score(<Font 'Noto Sans Limbu' (NotoSansLimbu-Regular.ttf) normal normal 400 normal>) = 10.05
2020-12-20 12:54:31,941 [font_manager.py:1346] DEBUG    findfont: score(<Font 'Bitstream Vera Sans Mono' (VeraMoIt.ttf) oblique normal 400 normal>) = 11.05
2020-12-20 12:54:31,941 [font_manager.py:1346] DEBUG    findfont: score(<Font 'STIXGeneral' (STIXGeneralItalic.otf) italic normal 400 normal>) = 11.05
2020-12-20 12:54:31,942 [font_manager.py:1346] DEBUG    findfont: score(<Font 'Luxi Serif' (luxirr.ttf) normal normal 400 normal>) = 10.05
2020-12-20 12:54:31,942 [font_manager.py:1346] DEBUG    findfont: score(<Font 'Rockwell' (Rockwell.ttc) normal normal 400 normal>) = 10.05
2020-12-20 12:54:31,942 [font_manager.py:1346] DEBUG    findfont: score(<Font 'Kohinoor Devanagari' (Kohinoor.ttc) normal normal 400 normal>) = 10.05
2020-12-20 12:54:31,942 [font_manager.py:1346] DEBUG    findfont: score(<Font 'Marion' (Marion.ttc) normal normal 400 normal>) = 10.05
2020-12-20 12:54:31,942 [font_manager.py:1346] DEBUG    findfont: score(<Font 'Noto Serif Balinese' (NotoSerifBalinese-Regular.ttf) normal normal 400 normal>) = 10.05
2020-12-20 12:54:31,942 [font_manager.py:1346] DEBUG    findfont: score(<Font 'Times New Roman' (Times New Roman Italic.ttf) italic normal 400 normal>) = 11.05
2020-12-20 12:54:31,943 [font_manager.py:1346] DEBUG    findfont: score(<Font 'Damascus' (Damascus.ttc) normal normal 400 normal>) = 10.05
2020-12-20 12:54:31,943 [font_manager.py:1346] DEBUG    findfont: score(<Font 'Al Nile' (Al Nile.ttc) normal normal 400 normal>) = 10.05
2020-12-20 12:54:31,943 [font_manager.py:1346] DEBUG    findfont: score(<Font 'Hiragino Mincho ProN' (ヒラギノ明朝 ProN.ttc) normal normal 300 normal>) = 10.145
2020-12-20 12:54:31,943 [font_manager.py:1346] DEBUG    findfont: score(<Font 'Times New Roman' (Times New Roman Bold.ttf) normal normal 700 normal>) = 10.335
2020-12-20 12:54:31,943 [font_manager.py:1346] DEBUG    findfont: score(<Font 'Skia' (Skia.ttf) normal normal 5 normal>) = 10.42525
2020-12-20 12:54:31,943 [font_manager.py:1346] DEBUG    findfont: score(<Font 'Noto Sans Kayah Li' (NotoSansKayahLi-Regular.ttf) normal normal 400 normal>) = 10.05
2020-12-20 12:54:31,944 [font_manager.py:1346] DEBUG    findfont: score(<Font 'Phosphate' (Phosphate.ttc) normal normal 400 normal>) = 10.05
2020-12-20 12:54:31,944 [font_manager.py:1346] DEBUG    findfont: score(<Font 'Bitstream Vera Sans Mono' (VeraMoBd.ttf) normal normal 700 normal>) = 10.335
2020-12-20 12:54:31,944 [font_manager.py:1346] DEBUG    findfont: score(<Font 'Sukhumvit Set' (SukhumvitSet.ttc) normal normal 250 normal>) = 10.1925
2020-12-20 12:54:31,944 [font_manager.py:1346] DEBUG    findfont: score(<Font 'Noto Sans Samaritan' (NotoSansSamaritan-Regular.ttf) normal normal 400 normal>) = 10.05
2020-12-20 12:54:31,944 [font_manager.py:1346] DEBUG    findfont: score(<Font 'Bitstream Vera Sans' (VeraIt.ttf) oblique normal 400 normal>) = 1.9590909090909092
2020-12-20 12:54:31,944 [font_manager.py:1346] DEBUG    findfont: score(<Font 'STIXVariants' (STIXVar.otf) normal normal 400 normal>) = 10.05
2020-12-20 12:54:31,944 [font_manager.py:1346] DEBUG    findfont: score(<Font 'Seravek' (Seravek.ttc) normal normal 400 normal>) = 10.05
2020-12-20 12:54:31,944 [font_manager.py:1346] DEBUG    findfont: score(<Font 'Tahoma' (Tahoma.ttf) normal normal 400 normal>) = 10.05
2020-12-20 12:54:31,944 [font_manager.py:1346] DEBUG    findfont: score(<Font 'Heiti TC' (STHeiti Medium.ttc) normal normal 400 normal>) = 10.05
2020-12-20 12:54:31,945 [font_manager.py:1346] DEBUG    findfont: score(<Font 'Noto Sans Tai Viet' (NotoSansTaiViet-Regular.ttf) normal normal 400 normal>) = 10.05
2020-12-20 12:54:31,945 [font_manager.py:1346] DEBUG    findfont: score(<Font 'Diwan Kufi' (Diwan Kufi.ttc) normal normal 400 normal>) = 10.05
2020-12-20 12:54:31,945 [font_manager.py:1346] DEBUG    findfont: score(<Font 'Hiragino Sans' (ヒラギノ角ゴシック W2.ttc) normal normal 250 normal>) = 10.1925
2020-12-20 12:54:31,945 [font_manager.py:1346] DEBUG    findfont: score(<Font 'Khmer MN' (Khmer MN.ttc) normal normal 400 normal>) = 10.05
2020-12-20 12:54:31,945 [font_manager.py:1346] DEBUG    findfont: score(<Font '.SF NS Mono' (SFNSMonoItalic.ttf) italic normal 300 normal>) = 11.145
2020-12-20 12:54:31,945 [font_manager.py:1346] DEBUG    findfont: score(<Font 'Goha-Tibeb Zemen' (GohaTibebZemen.ttf) normal normal 500 normal>) = 10.145
2020-12-20 12:54:31,945 [font_manager.py:1346] DEBUG    findfont: score(<Font 'Noto Sans Glagolitic' (NotoSansGlagolitic-Regular.ttf) normal normal 400 normal>) = 10.05
2020-12-20 12:54:31,945 [font_manager.py:1346] DEBUG    findfont: score(<Font 'Malayalam Sangam MN' (Malayalam Sangam MN.ttc) normal normal 400 normal>) = 10.05
2020-12-20 12:54:31,946 [font_manager.py:1346] DEBUG    findfont: score(<Font 'Al Bayan' (AlBayan.ttc) normal normal 400 normal>) = 10.05
2020-12-20 12:54:31,946 [font_manager.py:1346] DEBUG    findfont: score(<Font 'Khmer Sangam MN' (Khmer Sangam MN.ttf) normal normal 400 normal>) = 10.05
2020-12-20 12:54:31,946 [font_manager.py:1346] DEBUG    findfont: score(<Font 'Mukta Mahee' (MuktaMahee.ttc) normal normal 400 normal>) = 10.05
2020-12-20 12:54:31,946 [font_manager.py:1346] DEBUG    findfont: score(<Font '.SF NS Display Condensed' (SFNSDisplayCondensed-Ultralight.otf) normal normal 400 condensed>) = 10.25
2020-12-20 12:54:31,946 [font_manager.py:1346] DEBUG    findfont: score(<Font 'Estrangelo Edessa' (SyrCOMEdessa.otf) normal normal 400 normal>) = 10.05
2020-12-20 12:54:31,946 [font_manager.py:1346] DEBUG    findfont: score(<Font '.SF Compact Display' (SFCompactDisplay.ttf) normal normal 400 normal>) = 10.05
2020-12-20 12:54:31,946 [font_manager.py:1346] DEBUG    findfont: score(<Font 'Estrangelo Talada' (SyrCOMTalada.otf) normal normal 400 normal>) = 10.05
2020-12-20 12:54:31,946 [font_manager.py:1346] DEBUG    findfont: score(<Font 'Serto Mardin' (SyrCOMMardinBold.otf) normal normal 700 normal>) = 10.335
2020-12-20 12:54:31,947 [font_manager.py:1346] DEBUG    findfont: score(<Font 'Courier New' (Courier New Italic.ttf) italic normal 400 normal>) = 11.05
2020-12-20 12:54:31,947 [font_manager.py:1346] DEBUG    findfont: score(<Font 'Noto Sans Shavian' (NotoSansShavian-Regular.ttf) normal normal 400 normal>) = 10.05
2020-12-20 12:54:31,947 [font_manager.py:1346] DEBUG    findfont: score(<Font 'Trebuchet MS' (Trebuchet MS.ttf) normal normal 400 normal>) = 10.05
2020-12-20 12:54:31,947 [font_manager.py:1346] DEBUG    findfont: score(<Font 'Songti SC' (Songti.ttc) normal normal 900 normal>) = 10.525
2020-12-20 12:54:31,947 [font_manager.py:1346] DEBUG    findfont: score(<Font 'Noto Sans Egyptian Hieroglyphs' (NotoSansEgyptianHieroglyphs-Regular.ttf) normal normal 400 normal>) = 10.05
2020-12-20 12:54:31,947 [font_manager.py:1346] DEBUG    findfont: score(<Font 'Noto Sans Mongolian' (NotoSansMongolian-Regular.ttf) normal normal 400 normal>) = 10.05
2020-12-20 12:54:31,947 [font_manager.py:1346] DEBUG    findfont: score(<Font 'Bitstream Vera Serif' (VeraSe.ttf) normal normal 400 normal>) = 10.05
2020-12-20 12:54:31,947 [font_manager.py:1346] DEBUG    findfont: score(<Font 'Luxi Mono' (luximbi.ttf) oblique normal 700 normal>) = 11.335
2020-12-20 12:54:31,947 [font_manager.py:1346] DEBUG    findfont: score(<Font 'Bodoni 72' (Bodoni 72.ttc) normal normal 400 normal>) = 10.05
2020-12-20 12:54:31,948 [font_manager.py:1346] DEBUG    findfont: score(<Font 'Luminari' (Luminari.ttf) normal normal 400 normal>) = 10.05
2020-12-20 12:54:31,948 [font_manager.py:1346] DEBUG    findfont: score(<Font 'Noto Sans Linear B' (NotoSansLinearB-Regular.ttf) normal normal 400 normal>) = 10.05
2020-12-20 12:54:31,948 [font_manager.py:1346] DEBUG    findfont: score(<Font 'Chalkduster' (Chalkduster.ttf) normal normal 400 normal>) = 10.05
2020-12-20 12:54:31,948 [font_manager.py:1346] DEBUG    findfont: score(<Font 'Hoefler Text' (Hoefler Text Ornaments.ttf) normal normal 400 normal>) = 10.05
2020-12-20 12:54:31,948 [font_manager.py:1346] DEBUG    findfont: score(<Font 'Geeza Pro' (GeezaPro.ttc) normal normal 400 normal>) = 10.05
2020-12-20 12:54:31,948 [font_manager.py:1346] DEBUG    findfont: score(<Font 'Zapf Dingbats' (ZapfDingbats.ttf) normal normal 400 normal>) = 10.05
2020-12-20 12:54:31,948 [font_manager.py:1346] DEBUG    findfont: score(<Font 'Noto Sans Kannada' (NotoSansKannada.ttc) normal normal 900 normal>) = 10.525
2020-12-20 12:54:31,949 [font_manager.py:1346] DEBUG    findfont: score(<Font '.SF NS Display Condensed' (SFNSDisplayCondensed-Bold.otf) normal normal 800 condensed>) = 10.629999999999999
2020-12-20 12:54:31,949 [font_manager.py:1346] DEBUG    findfont: score(<Font 'STIXSizeFiveSym' (STIXSizFiveSymReg.otf) normal normal 400 normal>) = 10.05
2020-12-20 12:54:31,949 [font_manager.py:1346] DEBUG    findfont: score(<Font 'Diwan Thuluth' (Diwan Thuluth.ttf) normal normal 400 normal>) = 10.05
2020-12-20 12:54:31,949 [font_manager.py:1346] DEBUG    findfont: score(<Font '.SF NS Display Condensed' (SFNSDisplayCondensed-Regular.otf) normal normal 600 condensed>) = 10.44
2020-12-20 12:54:31,949 [font_manager.py:1346] DEBUG    findfont: score(<Font 'Iowan Old Style' (Iowan Old Style.ttc) normal normal 400 normal>) = 10.05
2020-12-20 12:54:31,949 [font_manager.py:1346] DEBUG    findfont: score(<Font '.SF NS Text Condensed' (SFNSTextCondensed-Light.otf) normal normal 300 condensed>) = 10.344999999999999
2020-12-20 12:54:31,949 [font_manager.py:1346] DEBUG    findfont: score(<Font 'Noto Sans Cham' (NotoSansCham-Regular.ttf) normal normal 400 normal>) = 10.05
2020-12-20 12:54:31,950 [font_manager.py:1346] DEBUG    findfont: score(<Font 'STIXSizeFourSym' (STIXSizFourSymBol.otf) normal normal 700 normal>) = 10.335
2020-12-20 12:54:31,950 [font_manager.py:1346] DEBUG    findfont: score(<Font 'Hiragino Sans' (ヒラギノ角ゴシック W0.ttc) normal normal 100 normal>) = 10.335
2020-12-20 12:54:31,950 [font_manager.py:1346] DEBUG    findfont: score(<Font 'Arial Unicode MS' (Arial Unicode.ttf) normal normal 400 normal>) = 10.05
2020-12-20 12:54:31,950 [font_manager.py:1346] DEBUG    findfont: score(<Font 'Corsiva Hebrew' (Corsiva.ttc) normal normal 400 normal>) = 10.05
2020-12-20 12:54:31,950 [font_manager.py:1346] DEBUG    findfont: score(<Font 'Noto Sans Buhid' (NotoSansBuhid-Regular.ttf) normal normal 400 normal>) = 10.05
2020-12-20 12:54:31,951 [font_manager.py:1346] DEBUG    findfont: score(<Font 'Apple Symbols' (Apple Symbols.ttf) normal normal 400 normal>) = 10.05
2020-12-20 12:54:31,951 [font_manager.py:1346] DEBUG    findfont: score(<Font 'STIXSizeThreeSym' (STIXSizThreeSymReg.otf) normal normal 400 normal>) = 10.05
2020-12-20 12:54:31,951 [font_manager.py:1346] DEBUG    findfont: score(<Font 'Gill Sans' (GillSans.ttc) normal normal 400 normal>) = 10.05
2020-12-20 12:54:31,951 [font_manager.py:1346] DEBUG    findfont: score(<Font 'Bradley Hand' (Bradley Hand Bold.ttf) normal normal 700 normal>) = 10.335
2020-12-20 12:54:31,951 [font_manager.py:1346] DEBUG    findfont: score(<Font 'STIXSizeTwoSym' (STIXSizTwoSymReg.otf) normal normal 400 normal>) = 10.05
2020-12-20 12:54:31,951 [font_manager.py:1346] DEBUG    findfont: score(<Font 'STIXIntegralsUpSm' (STIXIntUpSmReg.otf) normal normal 400 normal>) = 10.05
2020-12-20 12:54:31,951 [font_manager.py:1346] DEBUG    findfont: score(<Font '.SF NS Display Condensed' (SFNSDisplayCondensed-Heavy.otf) normal normal 800 condensed>) = 10.629999999999999
2020-12-20 12:54:31,951 [font_manager.py:1346] DEBUG    findfont: score(<Font 'Georgia' (Georgia Bold.ttf) normal normal 700 normal>) = 10.335
2020-12-20 12:54:31,951 [font_manager.py:1346] DEBUG    findfont: score(<Font 'Chalkboard SE' (ChalkboardSE.ttc) normal normal 400 normal>) = 10.05
2020-12-20 12:54:31,951 [font_manager.py:1346] DEBUG    findfont: score(<Font 'Trebuchet MS' (Trebuchet MS Bold.ttf) normal normal 700 normal>) = 10.335
2020-12-20 12:54:31,952 [font_manager.py:1346] DEBUG    findfont: score(<Font 'Luxi Sans' (luxisbi.ttf) oblique normal 700 normal>) = 11.335
2020-12-20 12:54:31,952 [font_manager.py:1346] DEBUG    findfont: score(<Font 'Noto Sans Lydian' (NotoSansLydian-Regular.ttf) normal normal 400 normal>) = 10.05
2020-12-20 12:54:31,952 [font_manager.py:1346] DEBUG    findfont: score(<Font '.SF NS Display Condensed' (SFNSDisplayCondensed-Semibold.otf) normal normal 700 condensed>) = 10.535
2020-12-20 12:54:31,952 [font_manager.py:1346] DEBUG    findfont: score(<Font 'Georgia' (Georgia.ttf) normal normal 400 normal>) = 10.05
2020-12-20 12:54:31,952 [font_manager.py:1346] DEBUG    findfont: score(<Font '.New York' (NewYorkItalic.ttf) italic normal 425 normal>) = 11.07375
2020-12-20 12:54:31,952 [font_manager.py:1346] DEBUG    findfont: score(<Font 'STIXIntegralsUp' (STIXIntUpBol.otf) normal normal 700 normal>) = 10.335
2020-12-20 12:54:31,952 [font_manager.py:1346] DEBUG    findfont: score(<Font 'Kefa' (Kefa.ttc) normal normal 400 normal>) = 10.05
2020-12-20 12:54:31,952 [font_manager.py:1346] DEBUG    findfont: score(<Font 'Webdings' (Webdings.ttf) normal normal 400 normal>) = 10.05
2020-12-20 12:54:31,952 [font_manager.py:1346] DEBUG    findfont: score(<Font 'Heiti TC' (STHeiti Light.ttc) normal normal 300 normal>) = 10.145
2020-12-20 12:54:31,952 [font_manager.py:1346] DEBUG    findfont: score(<Font 'Noto Sans NKo' (NotoSansNKo-Regular.ttf) normal normal 400 normal>) = 10.05
2020-12-20 12:54:31,953 [font_manager.py:1346] DEBUG    findfont: score(<Font 'Arial' (Arial Bold Italic.ttf) italic normal 700 normal>) = 7.698636363636363
2020-12-20 12:54:31,953 [font_manager.py:1346] DEBUG    findfont: score(<Font 'Noto Sans Old South Arabian' (NotoSansOldSouthArabian-Regular.ttf) normal normal 400 normal>) = 10.05
2020-12-20 12:54:31,953 [font_manager.py:1346] DEBUG    findfont: score(<Font 'Euphemia UCAS' (EuphemiaCAS.ttc) normal normal 400 normal>) = 10.05
2020-12-20 12:54:31,953 [font_manager.py:1346] DEBUG    findfont: score(<Font 'Courier New' (Courier New Bold Italic.ttf) italic normal 700 normal>) = 11.335
2020-12-20 12:54:31,953 [font_manager.py:1346] DEBUG    findfont: score(<Font '.SF NS Display Condensed' (SFNSDisplayCondensed-Thin.otf) normal normal 400 condensed>) = 10.25
2020-12-20 12:54:31,953 [font_manager.py:1346] DEBUG    findfont: score(<Font 'Gurmukhi Sangam MN' (Gurmukhi Sangam MN.ttc) normal normal 400 normal>) = 10.05
2020-12-20 12:54:31,953 [font_manager.py:1346] DEBUG    findfont: score(<Font 'Mishafi' (Mishafi.ttf) normal normal 400 normal>) = 10.05
2020-12-20 12:54:31,953 [font_manager.py:1346] DEBUG    findfont: score(<Font 'Microsoft Sans Serif' (Microsoft Sans Serif.ttf) normal normal 400 normal>) = 10.05
2020-12-20 12:54:31,953 [font_manager.py:1346] DEBUG    findfont: score(<Font 'Futura' (Futura.ttc) normal normal 500 normal>) = 10.145
2020-12-20 12:54:31,953 [font_manager.py:1346] DEBUG    findfont: score(<Font 'Bitstream Vera Sans Mono' (VeraMoBI.ttf) oblique normal 700 normal>) = 11.335
2020-12-20 12:54:31,954 [font_manager.py:1346] DEBUG    findfont: score(<Font 'Hiragino Sans' (ヒラギノ角ゴシック W5.ttc) normal normal 500 normal>) = 10.145
2020-12-20 12:54:31,954 [font_manager.py:1346] DEBUG    findfont: score(<Font '.SF NS Text Condensed' (SFNSTextCondensed-Semibold.otf) normal normal 600 condensed>) = 10.44
2020-12-20 12:54:31,954 [font_manager.py:1346] DEBUG    findfont: score(<Font 'Apple Braille' (Apple Braille Pinpoint 8 Dot.ttf) normal normal 400 normal>) = 10.05
2020-12-20 12:54:31,954 [font_manager.py:1346] DEBUG    findfont: score(<Font 'Estrangelo Nisibin' (SyrCOMNisibin.otf) normal normal 400 normal>) = 10.05
2020-12-20 12:54:31,954 [font_manager.py:1346] DEBUG    findfont: score(<Font 'Noto Sans Brahmi' (NotoSansBrahmi-Regular.ttf) normal normal 400 normal>) = 10.05
2020-12-20 12:54:31,954 [font_manager.py:1346] DEBUG    findfont: score(<Font '.Arabic UI Display' (ArabicUIDisplay.ttc) normal normal 900 normal>) = 10.525
2020-12-20 12:54:31,954 [font_manager.py:1346] DEBUG    findfont: score(<Font 'Bitstream Vera Serif' (VeraSeBd.ttf) normal normal 700 normal>) = 10.335
2020-12-20 12:54:31,954 [font_manager.py:1346] DEBUG    findfont: score(<Font 'Georgia' (Georgia Italic.ttf) italic normal 400 normal>) = 11.05
2020-12-20 12:54:31,954 [font_manager.py:1346] DEBUG    findfont: score(<Font 'Sana' (Sana.ttc) normal normal 400 normal>) = 10.05
2020-12-20 12:54:31,954 [font_manager.py:1346] DEBUG    findfont: score(<Font 'Apple Chancery' (Apple Chancery.ttf) normal normal 0 normal>) = 10.43
2020-12-20 12:54:31,954 [font_manager.py:1346] DEBUG    findfont: score(<Font 'Hiragino Sans' (ヒラギノ角ゴシック W7.ttc) normal normal 700 normal>) = 10.335
2020-12-20 12:54:31,955 [font_manager.py:1346] DEBUG    findfont: score(<Font 'Noto Sans Rejang' (NotoSansRejang-Regular.ttf) normal normal 400 normal>) = 10.05
2020-12-20 12:54:31,955 [font_manager.py:1346] DEBUG    findfont: score(<Font 'Hiragino Sans' (ヒラギノ角ゴシック W1.ttc) normal normal 200 normal>) = 10.24
2020-12-20 12:54:31,955 [font_manager.py:1346] DEBUG    findfont: score(<Font 'Noto Sans Armenian' (NotoSansArmenian.ttc) normal normal 900 normal>) = 10.525
2020-12-20 12:54:31,955 [font_manager.py:1346] DEBUG    findfont: score(<Font 'Noto Sans Inscriptional Parthian' (NotoSansInscriptionalParthian-Regular.ttf) normal normal 400 normal>) = 10.05
2020-12-20 12:54:31,955 [font_manager.py:1346] DEBUG    findfont: score(<Font 'STIXGeneral' (STIXGeneralBol.otf) normal normal 700 normal>) = 10.335
2020-12-20 12:54:31,955 [font_manager.py:1346] DEBUG    findfont: score(<Font 'Bodoni 72 Oldstyle' (Bodoni 72 OS.ttc) normal normal 400 normal>) = 10.05
2020-12-20 12:54:31,955 [font_manager.py:1346] DEBUG    findfont: score(<Font 'Noto Sans Oriya' (NotoSansOriya.ttc) normal normal 400 normal>) = 10.05
2020-12-20 12:54:31,955 [font_manager.py:1346] DEBUG    findfont: score(<Font 'Hiragino Sans GB' (Hiragino Sans GB.ttc) normal normal 300 normal>) = 10.145
2020-12-20 12:54:31,955 [font_manager.py:1346] DEBUG    findfont: score(<Font 'Snell Roundhand' (SnellRoundhand.ttc) normal normal 500 normal>) = 10.145
2020-12-20 12:54:31,955 [font_manager.py:1346] DEBUG    findfont: score(<Font 'AppleGothic' (AppleGothic.ttf) normal normal 400 normal>) = 10.05
2020-12-20 12:54:31,956 [font_manager.py:1346] DEBUG    findfont: score(<Font '.SF NS Text Condensed' (SFNSTextCondensed-Medium.otf) normal normal 500 condensed>) = 10.344999999999999
2020-12-20 12:54:31,956 [font_manager.py:1346] DEBUG    findfont: score(<Font 'Noto Sans Ogham' (NotoSansOgham-Regular.ttf) normal normal 400 normal>) = 10.05
2020-12-20 12:54:31,956 [font_manager.py:1346] DEBUG    findfont: score(<Font 'STIXIntegralsD' (STIXIntDReg.otf) normal normal 400 normal>) = 10.05
2020-12-20 12:54:31,956 [font_manager.py:1346] DEBUG    findfont: score(<Font 'Luxi Sans' (luxisb.ttf) normal normal 700 normal>) = 10.335
2020-12-20 12:54:31,956 [font_manager.py:1346] DEBUG    findfont: score(<Font 'Noto Sans Yi' (NotoSansYi-Regular.ttf) normal normal 400 normal>) = 10.05
2020-12-20 12:54:31,956 [font_manager.py:1346] DEBUG    findfont: score(<Font 'Times New Roman' (Times New Roman Bold Italic.ttf) italic normal 700 normal>) = 11.335
2020-12-20 12:54:31,956 [font_manager.py:1346] DEBUG    findfont: score(<Font 'Arial Narrow' (Arial Narrow Italic.ttf) italic normal 400 condensed>) = 11.25
2020-12-20 12:54:31,956 [font_manager.py:1346] DEBUG    findfont: score(<Font 'Bitstream Vera Sans Mono' (VeraMono.ttf) normal normal 400 normal>) = 10.05
2020-12-20 12:54:31,956 [font_manager.py:1346] DEBUG    findfont: score(<Font 'Kannada Sangam MN' (Kannada Sangam MN.ttc) normal normal 400 normal>) = 10.05
2020-12-20 12:54:31,956 [font_manager.py:1346] DEBUG    findfont: score(<Font '.Arabic UI Text' (ArabicUIText.ttc) normal normal 400 normal>) = 10.05
2020-12-20 12:54:31,957 [font_manager.py:1346] DEBUG    findfont: score(<Font 'Noto Sans Carian' (NotoSansCarian-Regular.ttf) normal normal 400 normal>) = 10.05
2020-12-20 12:54:31,957 [font_manager.py:1346] DEBUG    findfont: score(<Font '.Helvetica Neue DeskInterface' (HelveticaNeueDeskInterface.ttc) normal normal 400 normal>) = 10.05
2020-12-20 12:54:31,957 [font_manager.py:1346] DEBUG    findfont: score(<Font 'Kohinoor Gujarati' (KohinoorGujarati.ttc) normal normal 700 normal>) = 10.335
2020-12-20 12:54:31,957 [font_manager.py:1346] DEBUG    findfont: score(<Font 'Apple Braille' (Apple Braille Outline 8 Dot.ttf) normal normal 400 normal>) = 10.05
2020-12-20 12:54:31,957 [font_manager.py:1346] DEBUG    findfont: score(<Font 'Noto Sans Tagalog' (NotoSansTagalog-Regular.ttf) normal normal 400 normal>) = 10.05
2020-12-20 12:54:31,957 [font_manager.py:1346] DEBUG    findfont: score(<Font 'Wingdings 3' (Wingdings 3.ttf) normal normal 400 normal>) = 10.05
2020-12-20 12:54:31,957 [font_manager.py:1346] DEBUG    findfont: score(<Font 'Serto Batnan' (SyrCOMBatnan.otf) normal normal 400 normal>) = 10.05
2020-12-20 12:54:31,957 [font_manager.py:1346] DEBUG    findfont: score(<Font 'Hiragino Sans' (ヒラギノ角ゴシック W9.ttc) normal normal 900 normal>) = 10.525
2020-12-20 12:54:31,958 [font_manager.py:1346] DEBUG    findfont: score(<Font 'Noto Sans Tagbanwa' (NotoSansTagbanwa-Regular.ttf) normal normal 400 normal>) = 10.05
2020-12-20 12:54:31,958 [font_manager.py:1346] DEBUG    findfont: score(<Font 'Palatino' (Palatino.ttc) normal normal 400 normal>) = 10.05
2020-12-20 12:54:31,958 [font_manager.py:1346] DEBUG    findfont: score(<Font 'Gurmukhi MT' (Gurmukhi.ttf) normal normal 500 normal>) = 10.145
2020-12-20 12:54:31,958 [font_manager.py:1346] DEBUG    findfont: score(<Font 'STIXIntegralsSm' (STIXIntSmReg.otf) normal normal 400 normal>) = 10.05
2020-12-20 12:54:31,958 [font_manager.py:1346] DEBUG    findfont: score(<Font 'Noto Sans New Tai Lue' (NotoSansNewTaiLue-Regular.ttf) normal normal 400 normal>) = 10.05
2020-12-20 12:54:31,959 [font_manager.py:1346] DEBUG    findfont: score(<Font 'Noto Sans Kaithi' (NotoSansKaithi-Regular.ttf) normal normal 400 normal>) = 10.05
2020-12-20 12:54:31,959 [font_manager.py:1346] DEBUG    findfont: score(<Font 'DecoType Naskh' (DecoTypeNaskh.ttc) normal normal 400 normal>) = 10.05
2020-12-20 12:54:31,959 [font_manager.py:1346] DEBUG    findfont: score(<Font 'PT Serif' (PTSerif.ttc) normal normal 400 normal>) = 10.05
2020-12-20 12:54:31,959 [font_manager.py:1346] DEBUG    findfont: score(<Font 'Bitstream Vera Sans' (Vera.ttf) normal normal 400 normal>) = 0.9590909090909092
2020-12-20 12:54:31,959 [font_manager.py:1346] DEBUG    findfont: score(<Font 'Noto Sans Inscriptional Pahlavi' (NotoSansInscriptionalPahlavi-Regular.ttf) normal normal 400 normal>) = 10.05
2020-12-20 12:54:31,959 [font_manager.py:1346] DEBUG    findfont: score(<Font 'STIXIntegralsUp' (STIXIntUpReg.otf) normal normal 400 normal>) = 10.05
2020-12-20 12:54:31,959 [font_manager.py:1346] DEBUG    findfont: score(<Font 'Noto Sans Vai' (NotoSansVai-Regular.ttf) normal normal 400 normal>) = 10.05
2020-12-20 12:54:31,959 [font_manager.py:1346] DEBUG    findfont: score(<Font 'Serto Malankara' (SyrCOMMalankara.otf) normal normal 400 normal>) = 10.05
2020-12-20 12:54:31,960 [font_manager.py:1346] DEBUG    findfont: score(<Font 'Farisi' (Farisi.ttf) normal normal 400 normal>) = 10.05
2020-12-20 12:54:31,960 [font_manager.py:1346] DEBUG    findfont: score(<Font 'Noto Sans Mandaic' (NotoSansMandaic-Regular.ttf) normal normal 400 normal>) = 10.05
2020-12-20 12:54:31,960 [font_manager.py:1346] DEBUG    findfont: score(<Font 'Silom' (Silom.ttf) normal normal 400 normal>) = 10.05
2020-12-20 12:54:31,960 [font_manager.py:1346] DEBUG    findfont: score(<Font 'Lao MN' (Lao MN.ttc) normal normal 400 normal>) = 10.05
2020-12-20 12:54:31,960 [font_manager.py:1346] DEBUG    findfont: score(<Font 'Estrangelo Quenneshrin' (SyrCOMQenNeshrin.otf) normal normal 400 normal>) = 10.05
2020-12-20 12:54:31,960 [font_manager.py:1346] DEBUG    findfont: score(<Font 'Hiragino Sans' (ヒラギノ角ゴシック W8.ttc) normal normal 800 normal>) = 10.43
2020-12-20 12:54:31,960 [font_manager.py:1346] DEBUG    findfont: score(<Font 'Arial' (Arial Italic.ttf) italic normal 400 normal>) = 7.413636363636363
2020-12-20 12:54:31,960 [font_manager.py:1346] DEBUG    findfont: score(<Font 'Luxi Mono' (luximri.ttf) oblique normal 400 normal>) = 11.05
2020-12-20 12:54:31,960 [font_manager.py:1346] DEBUG    findfont: score(<Font 'STIXSizeThreeSym' (STIXSizThreeSymBol.otf) normal normal 700 normal>) = 10.335
2020-12-20 12:54:31,961 [font_manager.py:1346] DEBUG    findfont: score(<Font 'STIXIntegralsUpSm' (STIXIntUpSmBol.otf) normal normal 700 normal>) = 10.335
2020-12-20 12:54:31,961 [font_manager.py:1346] DEBUG    findfont: score(<Font 'Avenir Next Condensed' (Avenir Next Condensed.ttc) normal normal 700 condensed>) = 10.535
2020-12-20 12:54:31,961 [font_manager.py:1346] DEBUG    findfont: score(<Font 'Apple Braille' (Apple Braille Outline 6 Dot.ttf) normal normal 400 normal>) = 10.05
2020-12-20 12:54:31,961 [font_manager.py:1346] DEBUG    findfont: score(<Font 'Menlo' (Menlo.ttc) normal normal 400 normal>) = 10.05
2020-12-20 12:54:31,961 [font_manager.py:1346] DEBUG    findfont: score(<Font 'Arial Narrow' (Arial Narrow Bold.ttf) normal normal 700 condensed>) = 10.535
2020-12-20 12:54:31,961 [font_manager.py:1346] DEBUG    findfont: score(<Font 'Noto Sans Osmanya' (NotoSansOsmanya-Regular.ttf) normal normal 400 normal>) = 10.05
2020-12-20 12:54:31,961 [font_manager.py:1346] DEBUG    findfont: score(<Font 'Papyrus' (Papyrus.ttc) normal normal 400 condensed>) = 10.25
2020-12-20 12:54:31,961 [font_manager.py:1346] DEBUG    findfont: score(<Font '.New York' (NewYork.ttf) normal normal 425 normal>) = 10.07375
2020-12-20 12:54:31,961 [font_manager.py:1346] DEBUG    findfont: score(<Font 'Marker Felt' (MarkerFelt.ttc) normal normal 400 normal>) = 10.05
2020-12-20 12:54:31,961 [font_manager.py:1346] DEBUG    findfont: score(<Font 'Trattatello' (Trattatello.ttf) normal normal 400 normal>) = 10.05
2020-12-20 12:54:31,961 [font_manager.py:1346] DEBUG    findfont: score(<Font 'Sathu' (Sathu.ttf) normal normal 400 normal>) = 10.05
2020-12-20 12:54:31,962 [font_manager.py:1346] DEBUG    findfont: score(<Font 'Al Tarikh' (Al Tarikh.ttc) normal normal 400 normal>) = 10.05
2020-12-20 12:54:31,962 [font_manager.py:1346] DEBUG    findfont: score(<Font 'Goha-Tibeb Zemen' (GohaTibebZemen.otf) normal normal 500 normal>) = 10.145
2020-12-20 12:54:31,962 [font_manager.py:1346] DEBUG    findfont: score(<Font 'Noto Sans Tai Tham' (NotoSansTaiTham-Regular.ttf) normal normal 400 normal>) = 10.05
2020-12-20 12:54:31,962 [font_manager.py:1346] DEBUG    findfont: score(<Font 'Helvetica' (Helvetica.ttc) normal normal 400 normal>) = 7.322727272727273
2020-12-20 12:54:31,962 [font_manager.py:1346] DEBUG    findfont: score(<Font 'Mshtakan' (Mshtakan.ttc) normal normal 400 normal>) = 10.05
2020-12-20 12:54:31,962 [font_manager.py:1346] DEBUG    findfont: score(<Font 'Baghdad' (Baghdad.ttc) normal normal 400 normal>) = 10.05
2020-12-20 12:54:31,962 [font_manager.py:1346] DEBUG    findfont: score(<Font '.SF NS Text Condensed' (SFNSTextCondensed-Bold.otf) normal normal 700 condensed>) = 10.535
2020-12-20 12:54:31,962 [font_manager.py:1346] DEBUG    findfont: score(<Font 'PT Sans' (PTSans.ttc) normal normal 400 normal>) = 10.05
2020-12-20 12:54:31,962 [font_manager.py:1346] DEBUG    findfont: score(<Font 'Krungthep' (Krungthep.ttf) normal normal 400 normal>) = 10.05
2020-12-20 12:54:31,962 [font_manager.py:1346] DEBUG    findfont: score(<Font 'American Typewriter' (AmericanTypewriter.ttc) normal normal 400 normal>) = 10.05
2020-12-20 12:54:31,963 [font_manager.py:1346] DEBUG    findfont: score(<Font 'Wingdings 2' (Wingdings 2.ttf) normal normal 400 normal>) = 10.05
2020-12-20 12:54:31,963 [font_manager.py:1346] DEBUG    findfont: score(<Font 'Bangla Sangam MN' (Bangla Sangam MN.ttc) normal normal 400 normal>) = 10.05
2020-12-20 12:54:31,963 [font_manager.py:1346] DEBUG    findfont: score(<Font 'Noto Sans Phoenician' (NotoSansPhoenician-Regular.ttf) normal normal 400 normal>) = 10.05
2020-12-20 12:54:31,963 [font_manager.py:1346] DEBUG    findfont: score(<Font 'STIXSizeFourSym' (STIXSizFourSymReg.otf) normal normal 400 normal>) = 10.05
2020-12-20 12:54:31,963 [font_manager.py:1346] DEBUG    findfont: score(<Font '.SF NS Display Condensed' (SFNSDisplayCondensed-Light.otf) normal normal 500 condensed>) = 10.344999999999999
2020-12-20 12:54:31,963 [font_manager.py:1346] DEBUG    findfont: score(<Font 'Noto Sans Ugaritic' (NotoSansUgaritic-Regular.ttf) normal normal 400 normal>) = 10.05
2020-12-20 12:54:31,963 [font_manager.py:1346] DEBUG    findfont: score(<Font '.Aqua Kana' (AquaKana.ttc) normal normal 300 normal>) = 10.145
2020-12-20 12:54:31,963 [font_manager.py:1346] DEBUG    findfont: score(<Font 'Avenir' (Avenir.ttc) normal normal 400 normal>) = 10.05
2020-12-20 12:54:31,963 [font_manager.py:1346] DEBUG    findfont: score(<Font 'Estrangelo Nisibin Outline' (SyrCOMNisibinOutline.otf) normal normal 400 normal>) = 10.05
2020-12-20 12:54:31,963 [font_manager.py:1346] DEBUG    findfont: score(<Font 'Noto Sans Lepcha' (NotoSansLepcha-Regular.ttf) normal normal 400 normal>) = 10.05
2020-12-20 12:54:31,963 [font_manager.py:1346] DEBUG    findfont: score(<Font 'Noto Sans Myanmar' (NotoSansMyanmar.ttc) normal normal 900 normal>) = 10.525
2020-12-20 12:54:31,964 [font_manager.py:1346] DEBUG    findfont: score(<Font 'Georgia' (Georgia Bold Italic.ttf) italic normal 700 normal>) = 11.335
2020-12-20 12:54:31,964 [font_manager.py:1346] DEBUG    findfont: score(<Font 'Noto Sans Chakma' (NotoSansChakma-Regular.ttf) normal normal 400 normal>) = 10.05
2020-12-20 12:54:31,964 [font_manager.py:1346] DEBUG    findfont: score(<Font 'Oriya MN' (Oriya MN.ttc) normal normal 400 normal>) = 10.05
2020-12-20 12:54:31,964 [font_manager.py:1346] DEBUG    findfont: score(<Font 'Noto Sans Gothic' (NotoSansGothic-Regular.ttf) normal normal 400 normal>) = 10.05
2020-12-20 12:54:31,964 [font_manager.py:1346] DEBUG    findfont: score(<Font 'Bodoni Ornaments' (Bodoni Ornaments.ttf) normal normal 400 normal>) = 10.05
2020-12-20 12:54:31,964 [font_manager.py:1346] DEBUG    findfont: score(<Font 'STIXGeneral' (STIXGeneral.otf) normal normal 400 normal>) = 10.05
2020-12-20 12:54:31,964 [font_manager.py:1346] DEBUG    findfont: score(<Font 'Verdana' (Verdana Bold Italic.ttf) italic normal 700 normal>) = 4.971363636363637
2020-12-20 12:54:31,964 [font_manager.py:1346] DEBUG    findfont: score(<Font 'East Syriac Adiabene' (SyrCOMAdiabene.otf) normal normal 400 normal>) = 10.05
2020-12-20 12:54:31,964 [font_manager.py:1346] DEBUG    findfont: score(<Font 'DIN Condensed' (DIN Condensed Bold.ttf) normal normal 700 condensed>) = 10.535
2020-12-20 12:54:31,965 [font_manager.py:1346] DEBUG    findfont: score(<Font 'Big Caslon' (BigCaslon.ttf) normal normal 500 normal>) = 10.145
2020-12-20 12:54:31,965 [font_manager.py:1346] DEBUG    findfont: score(<Font 'Noto Sans PhagsPa' (NotoSansPhagsPa-Regular.ttf) normal normal 400 normal>) = 10.05
2020-12-20 12:54:31,965 [font_manager.py:1346] DEBUG    findfont: score(<Font 'Verdana' (Verdana.ttf) normal normal 400 normal>) = 3.6863636363636365
2020-12-20 12:54:31,965 [font_manager.py:1346] DEBUG    findfont: score(<Font 'Optima' (Optima.ttc) normal normal 400 normal>) = 10.05
2020-12-20 12:54:31,965 [font_manager.py:1346] DEBUG    findfont: score(<Font 'Serto Kharput' (SyrCOMKharput.otf) normal normal 400 normal>) = 10.05
2020-12-20 12:54:31,965 [font_manager.py:1346] DEBUG    findfont: score(<Font 'Lucida Grande' (LucidaGrande.ttc) normal normal 500 normal>) = 2.872272727272727
2020-12-20 12:54:31,965 [font_manager.py:1346] DEBUG    findfont: score(<Font 'Ayuthaya' (Ayuthaya.ttf) normal normal 400 normal>) = 10.05
2020-12-20 12:54:31,965 [font_manager.py:1346] DEBUG    findfont: score(<Font 'Luxi Mono' (luximr.ttf) normal normal 400 normal>) = 10.05
2020-12-20 12:54:31,966 [font_manager.py:1346] DEBUG    findfont: score(<Font 'Thonburi' (Thonburi.ttc) normal normal 400 normal>) = 10.05
2020-12-20 12:54:31,966 [font_manager.py:1346] DEBUG    findfont: score(<Font 'Impact' (Impact.ttf) normal normal 400 normal>) = 10.05
2020-12-20 12:54:31,966 [font_manager.py:1346] DEBUG    findfont: score(<Font 'Kohinoor Telugu' (KohinoorTelugu.ttc) normal normal 400 normal>) = 10.05
2020-12-20 12:54:31,966 [font_manager.py:1346] DEBUG    findfont: score(<Font 'Tamil Sangam MN' (Tamil Sangam MN.ttc) normal normal 400 normal>) = 10.05
2020-12-20 12:54:31,966 [font_manager.py:1346] DEBUG    findfont: score(<Font 'Noto Sans Tai Le' (NotoSansTaiLe-Regular.ttf) normal normal 400 normal>) = 10.05
2020-12-20 12:54:31,966 [font_manager.py:1346] DEBUG    findfont: score(<Font 'Devanagari MT' (DevanagariMT.ttc) normal normal 400 normal>) = 10.05
2020-12-20 12:54:31,967 [font_manager.py:1346] DEBUG    findfont: score(<Font 'Sinhala MN' (Sinhala MN.ttc) normal normal 400 normal>) = 10.05
2020-12-20 12:54:31,967 [font_manager.py:1346] DEBUG    findfont: score(<Font 'Cochin' (Cochin.ttc) normal normal 500 normal>) = 10.145
2020-12-20 12:54:31,967 [font_manager.py:1346] DEBUG    findfont: score(<Font 'Verdana' (Verdana Italic.ttf) italic normal 400 normal>) = 4.6863636363636365
2020-12-20 12:54:31,967 [font_manager.py:1346] DEBUG    findfont: score(<Font 'Noto Sans Javanese' (NotoSansJavanese-Regular.otf) normal normal 400 normal>) = 10.05
2020-12-20 12:54:31,967 [font_manager.py:1346] DEBUG    findfont: score(<Font 'Raanana' (Raanana.ttc) normal normal 400 normal>) = 10.05
2020-12-20 12:54:31,967 [font_manager.py:1346] DEBUG    findfont: score(<Font '.SF Compact Rounded' (SFCompactRounded.ttf) normal normal 400 normal>) = 10.05
2020-12-20 12:54:31,967 [font_manager.py:1346] DEBUG    findfont: score(<Font 'Galvji' (Galvji.ttc) normal normal 400 normal>) = 10.05
2020-12-20 12:54:31,967 [font_manager.py:1346] DEBUG    findfont: score(<Font 'SignPainter' (SignPainter.ttc) normal normal 400 normal>) = 10.05
2020-12-20 12:54:31,967 [font_manager.py:1346] DEBUG    findfont: score(<Font 'Serto Jerusalem' (SyrCOMJerusalemBold.otf) normal normal 700 normal>) = 10.335
2020-12-20 12:54:31,967 [font_manager.py:1346] DEBUG    findfont: score(<Font 'Luxi Serif' (luxirri.ttf) oblique normal 400 normal>) = 11.05
2020-12-20 12:54:31,967 [font_manager.py:1346] DEBUG    findfont: score(<Font 'Helvetica Neue' (HelveticaNeue.ttc) normal normal 400 normal>) = 10.05
2020-12-20 12:54:31,968 [font_manager.py:1346] DEBUG    findfont: score(<Font 'Hiragino Sans' (ヒラギノ角ゴシック W6.ttc) normal normal 600 normal>) = 10.24
2020-12-20 12:54:31,968 [font_manager.py:1346] DEBUG    findfont: score(<Font 'Luxi Mono' (luximb.ttf) normal normal 700 normal>) = 10.335
2020-12-20 12:54:31,968 [font_manager.py:1346] DEBUG    findfont: score(<Font 'Serto Jerusalem' (SyrCOMJerusalemItalic.otf) italic normal 400 normal>) = 11.05
2020-12-20 12:54:31,968 [font_manager.py:1346] DEBUG    findfont: score(<Font 'Luxi Sans' (luxisr.ttf) normal normal 400 normal>) = 10.05
2020-12-20 12:54:31,968 [font_manager.py:1346] DEBUG    findfont: score(<Font 'Chalkboard' (Chalkboard.ttc) normal normal 400 normal>) = 10.05
2020-12-20 12:54:31,968 [font_manager.py:1346] DEBUG    findfont: score(<Font 'PT Serif Caption' (PTSerifCaption.ttc) normal normal 400 normal>) = 10.05
2020-12-20 12:54:31,968 [font_manager.py:1346] DEBUG    findfont: score(<Font 'Times New Roman' (Times New Roman.ttf) normal normal 400 normal>) = 10.05
2020-12-20 12:54:31,968 [font_manager.py:1346] DEBUG    findfont: score(<Font 'Herculanum' (Herculanum.ttf) normal normal 400 normal>) = 10.05
2020-12-20 12:54:31,968 [font_manager.py:1346] DEBUG    findfont: score(<Font 'System Font' (SFNSItalic.ttf) italic normal 400 normal>) = 11.05
2020-12-20 12:54:31,968 [font_manager.py:1346] DEBUG    findfont: score(<Font 'Noto Sans Cuneiform' (NotoSansCuneiform-Regular.ttf) normal normal 400 normal>) = 10.05
2020-12-20 12:54:31,968 [font_manager.py:1346] DEBUG    findfont: score(<Font 'Noto Sans Ol Chiki' (NotoSansOlChiki-Regular.ttf) normal normal 400 normal>) = 10.05
2020-12-20 12:54:31,969 [font_manager.py:1346] DEBUG    findfont: score(<Font 'Apple SD Gothic Neo' (AppleSDGothicNeo.ttc) normal normal 400 normal>) = 10.05
2020-12-20 12:54:31,969 [font_manager.py:1346] DEBUG    findfont: score(<Font 'Myanmar Sangam MN' (Myanmar Sangam MN.ttc) normal normal 400 normal>) = 10.05
2020-12-20 12:54:31,969 [font_manager.py:1346] DEBUG    findfont: score(<Font 'Serto Urhoy' (SyrCOMUrhoyBold.otf) normal normal 700 normal>) = 10.335
2020-12-20 12:54:31,969 [font_manager.py:1346] DEBUG    findfont: score(<Font 'Avenir Next' (Avenir Next.ttc) normal normal 700 normal>) = 10.335
2020-12-20 12:54:31,969 [font_manager.py:1346] DEBUG    findfont: score(<Font 'Serto Batnan' (SyrCOMBatnanBold.otf) normal normal 700 normal>) = 10.335
2020-12-20 12:54:31,969 [font_manager.py:1346] DEBUG    findfont: score(<Font 'System Font' (SFNS.ttf) normal normal 400 normal>) = 10.05
2020-12-20 12:54:31,969 [font_manager.py:1346] DEBUG    findfont: score(<Font 'Superclarendon' (SuperClarendon.ttc) normal normal 400 normal>) = 10.05
2020-12-20 12:54:31,969 [font_manager.py:1346] DEBUG    findfont: score(<Font '.SF NS Display Condensed' (SFNSDisplayCondensed-Medium.otf) normal normal 600 condensed>) = 10.44
2020-12-20 12:54:31,969 [font_manager.py:1346] DEBUG    findfont: score(<Font 'Estrangelo Midyat' (SyrCOMMidyat.otf) normal normal 400 normal>) = 10.05
2020-12-20 12:54:31,969 [font_manager.py:1346] DEBUG    findfont: score(<Font 'AppleMyungjo' (AppleMyungjo.ttf) normal normal 400 normal>) = 10.05
2020-12-20 12:54:31,970 [font_manager.py:1346] DEBUG    findfont: score(<Font 'Noto Nastaliq Urdu' (NotoNastaliq.ttc) normal normal 400 normal>) = 10.05
2020-12-20 12:54:31,970 [font_manager.py:1346] DEBUG    findfont: score(<Font 'Comic Sans MS' (Comic Sans MS.ttf) normal normal 400 normal>) = 10.05
2020-12-20 12:54:31,970 [font_manager.py:1346] DEBUG    findfont: score(<Font 'Noto Sans Old Turkic' (NotoSansOldTurkic-Regular.ttf) normal normal 400 normal>) = 10.05
2020-12-20 12:54:31,970 [font_manager.py:1346] DEBUG    findfont: score(<Font 'Kohinoor Bangla' (KohinoorBangla.ttc) normal normal 400 normal>) = 10.05
2020-12-20 12:54:31,970 [font_manager.py:1346] DEBUG    findfont: score(<Font 'STIXIntegralsD' (STIXIntDBol.otf) normal normal 700 normal>) = 10.335
2020-12-20 12:54:31,970 [font_manager.py:1346] DEBUG    findfont: score(<Font 'Noto Sans Lycian' (NotoSansLycian-Regular.ttf) normal normal 400 normal>) = 10.05
2020-12-20 12:54:31,970 [font_manager.py:1346] DEBUG    findfont: score(<Font 'Gujarati MT' (GujaratiMT.ttc) normal normal 400 normal>) = 10.05
2020-12-20 12:54:31,970 [font_manager.py:1346] DEBUG    findfont: score(<Font 'KufiStandardGK' (KufiStandardGK.ttc) normal normal 400 normal>) = 10.05
2020-12-20 12:54:31,970 [font_manager.py:1346] DEBUG    findfont: score(<Font 'Charter' (Charter.ttc) normal normal 400 normal>) = 10.05
2020-12-20 12:54:31,970 [font_manager.py:1346] DEBUG    findfont: score(<Font 'Estrangelo TurAbdin' (SyrCOMTurAbdin.otf) normal normal 400 normal>) = 10.05
2020-12-20 12:54:31,970 [font_manager.py:1346] DEBUG    findfont: score(<Font 'Didot' (Didot.ttc) normal normal 400 normal>) = 10.05
2020-12-20 12:54:31,971 [font_manager.py:1346] DEBUG    findfont: score(<Font 'Noto Sans Saurashtra' (NotoSansSaurashtra-Regular.ttf) normal normal 400 normal>) = 10.05
2020-12-20 12:54:31,971 [font_manager.py:1346] DEBUG    findfont: score(<Font 'Trebuchet MS' (Trebuchet MS Italic.ttf) italic normal 400 normal>) = 11.05
2020-12-20 12:54:31,971 [font_manager.py:1346] DEBUG    findfont: score(<Font 'Noto Sans Cypriot' (NotoSansCypriot-Regular.ttf) normal normal 400 normal>) = 10.05
2020-12-20 12:54:31,971 [font_manager.py:1346] DEBUG    findfont: score(<Font 'ITF Devanagari' (ITFDevanagari.ttc) normal normal 400 normal>) = 10.05
2020-12-20 12:54:31,971 [font_manager.py:1346] DEBUG    findfont: score(<Font 'Copperplate' (Copperplate.ttc) normal normal 400 normal>) = 10.05
2020-12-20 12:54:31,971 [font_manager.py:1346] DEBUG    findfont: score(<Font 'Telugu Sangam MN' (Telugu Sangam MN.ttc) normal normal 400 normal>) = 10.05
2020-12-20 12:54:31,971 [font_manager.py:1346] DEBUG    findfont: score(<Font 'Tamil MN' (Tamil MN.ttc) normal normal 400 normal>) = 10.05
2020-12-20 12:54:31,971 [font_manager.py:1346] DEBUG    findfont: score(<Font '.SF NS Text Condensed' (SFNSTextCondensed-Regular.otf) normal normal 400 condensed>) = 10.25
2020-12-20 12:54:31,971 [font_manager.py:1346] DEBUG    findfont: score(<Font 'Bitstream Vera Sans' (VeraBd.ttf) normal normal 700 normal>) = 1.2440909090909091
2020-12-20 12:54:31,971 [font_manager.py:1346] DEBUG    findfont: score(<Font 'STIXIntegralsUpD' (STIXIntUpDReg.otf) normal normal 400 normal>) = 10.05
2020-12-20 12:54:31,972 [font_manager.py:1346] DEBUG    findfont: score(<Font 'Noto Sans Old Italic' (NotoSansOldItalic-Regular.ttf) italic normal 400 normal>) = 11.05
2020-12-20 12:54:31,972 [font_manager.py:1346] DEBUG    findfont: score(<Font 'STIXIntegralsUpD' (STIXIntUpDBol.otf) normal normal 700 normal>) = 10.335
2020-12-20 12:54:31,972 [font_manager.py:1346] DEBUG    findfont: score(<Font 'Serto Urhoy' (SyrCOMUrhoy.otf) normal normal 400 normal>) = 10.05
2020-12-20 12:54:31,972 [font_manager.py:1346] DEBUG    findfont: score(<Font 'Bodoni 72 Smallcaps' (Bodoni 72 Smallcaps Book.ttf) normal normal 400 normal>) = 10.05
2020-12-20 12:54:31,972 [font_manager.py:1346] DEBUG    findfont: score(<Font 'Kailasa' (Kailasa.ttc) normal normal 400 normal>) = 10.05
2020-12-20 12:54:31,972 [font_manager.py:1346] DEBUG    findfont: score(<Font 'Plantagenet Cherokee' (PlantagenetCherokee.ttf) normal normal 400 normal>) = 10.05
2020-12-20 12:54:31,972 [font_manager.py:1346] DEBUG    findfont: score(<Font 'Waseem' (Waseem.ttc) normal normal 400 normal>) = 10.05
2020-12-20 12:54:31,972 [font_manager.py:1346] DEBUG    findfont: score(<Font 'Noto Sans Avestan' (NotoSansAvestan-Regular.ttf) normal normal 400 normal>) = 10.05
2020-12-20 12:54:31,972 [font_manager.py:1346] DEBUG    findfont: score(<Font 'Myanmar MN' (Myanmar MN.ttc) normal normal 400 normal>) = 10.05
2020-12-20 12:54:31,972 [font_manager.py:1346] DEBUG    findfont: score(<Font 'Noto Sans Kharoshthi' (NotoSansKharoshthi-Regular.ttf) normal normal 400 normal>) = 10.05
2020-12-20 12:54:31,973 [font_manager.py:1346] DEBUG    findfont: score(<Font 'STIXNonUnicode' (STIXNonUni.otf) normal normal 400 normal>) = 10.05
2020-12-20 12:54:31,973 [font_manager.py:1346] DEBUG    findfont: score(<Font 'New Peninim MT' (NewPeninimMT.ttc) normal normal 400 normal>) = 10.05
2020-12-20 12:54:31,973 [font_manager.py:1346] DEBUG    findfont: score(<Font 'Apple Braille' (Apple Braille Pinpoint 6 Dot.ttf) normal normal 400 normal>) = 10.05
2020-12-20 12:54:31,973 [font_manager.py:1346] DEBUG    findfont: score(<Font 'Beirut' (Beirut.ttc) normal normal 700 normal>) = 10.335
2020-12-20 12:54:31,973 [font_manager.py:1346] DEBUG    findfont: score(<Font 'Noto Sans Tifinagh' (NotoSansTifinagh-Regular.ttf) normal normal 400 normal>) = 10.05
2020-12-20 12:54:31,973 [font_manager.py:1346] DEBUG    findfont: score(<Font 'Serto Jerusalem' (SyrCOMJerusalem.otf) normal normal 400 normal>) = 10.05
2020-12-20 12:54:31,973 [font_manager.py:1346] DEBUG    findfont: score(<Font 'Luxi Serif' (luxirb.ttf) normal normal 700 normal>) = 10.335
2020-12-20 12:54:31,973 [font_manager.py:1346] DEBUG    findfont: score(<Font '.Keyboard' (Keyboard.ttf) normal normal 100 normal>) = 10.335
2020-12-20 12:54:31,973 [font_manager.py:1346] DEBUG    findfont: score(<Font 'Shree Devanagari 714' (Shree714.ttc) normal normal 400 normal>) = 10.05
2020-12-20 12:54:31,973 [font_manager.py:1346] DEBUG    findfont: score(<Font 'DIN Alternate' (DIN Alternate Bold.ttf) normal normal 700 normal>) = 10.335
2020-12-20 12:54:31,974 [font_manager.py:1346] DEBUG    findfont: score(<Font 'Verdana' (Verdana Bold.ttf) normal normal 700 normal>) = 3.9713636363636367
2020-12-20 12:54:31,974 [font_manager.py:1346] DEBUG    findfont: score(<Font 'Estrangelo Antioch' (SyrCOMAntioch.otf) normal normal 400 normal>) = 10.05
2020-12-20 12:54:31,974 [font_manager.py:1346] DEBUG    findfont: score(<Font 'Kannada MN' (Kannada MN.ttc) normal normal 400 normal>) = 10.05
2020-12-20 12:54:31,974 [font_manager.py:1346] DEBUG    findfont: score(<Font 'Nadeem' (Nadeem.ttc) normal normal 400 normal>) = 10.05
2020-12-20 12:54:31,974 [font_manager.py:1346] DEBUG    findfont: score(<Font 'Farah' (Farah.ttc) normal normal 400 normal>) = 10.05
2020-12-20 12:54:31,974 [font_manager.py:1346] DEBUG    findfont: score(<Font 'Hoefler Text' (Hoefler Text.ttc) normal normal 400 normal>) = 10.05
2020-12-20 12:54:31,974 [font_manager.py:1346] DEBUG    findfont: score(<Font 'Noto Serif Myanmar' (NotoSerifMyanmar.ttc) normal normal 900 normal>) = 10.525
2020-12-20 12:54:31,974 [font_manager.py:1346] DEBUG    findfont: score(<Font 'Times' (Times.ttc) normal normal 400 normal>) = 10.05
2020-12-20 12:54:31,975 [font_manager.py:1346] DEBUG    findfont: score(<Font 'Symbol' (Symbol.ttf) normal normal 400 normal>) = 10.05
2020-12-20 12:54:31,975 [font_manager.py:1346] DEBUG    findfont: score(<Font 'Noto Sans Coptic' (NotoSansCoptic-Regular.ttf) normal normal 400 normal>) = 10.05
2020-12-20 12:54:31,975 [font_manager.py:1346] DEBUG    findfont: score(<Font 'Brush Script MT' (Brush Script.ttf) italic normal 400 normal>) = 11.05
2020-12-20 12:54:31,975 [font_manager.py:1346] DEBUG    findfont: score(<Font 'Noto Sans Buginese' (NotoSansBuginese-Regular.ttf) normal normal 400 normal>) = 10.05
2020-12-20 12:54:31,975 [font_manager.py:1346] DEBUG    findfont: score(<Font '.SF Compact Text' (SFCompactText.ttf) normal normal 400 normal>) = 10.05
2020-12-20 12:54:31,976 [font_manager.py:1346] DEBUG    findfont: score(<Font 'Gujarati Sangam MN' (Gujarati Sangam MN.ttc) normal normal 400 normal>) = 10.05
2020-12-20 12:54:31,976 [font_manager.py:1346] DEBUG    findfont: score(<Font '.SF NS Text Condensed' (SFNSTextCondensed-Heavy.otf) normal normal 800 condensed>) = 10.629999999999999
2020-12-20 12:54:31,976 [font_manager.py:1346] DEBUG    findfont: score(<Font 'Arial Narrow' (Arial Narrow Bold Italic.ttf) italic normal 700 condensed>) = 11.535
2020-12-20 12:54:31,976 [font_manager.py:1346] DEBUG    findfont: score(<Font 'Noto Sans Imperial Aramaic' (NotoSansImperialAramaic-Regular.ttf) normal normal 400 normal>) = 10.05
2020-12-20 12:54:31,976 [font_manager.py:1346] DEBUG    findfont: score(<Font 'STIXIntegralsSm' (STIXIntSmBol.otf) normal normal 700 normal>) = 10.335
2020-12-20 12:54:31,976 [font_manager.py:1346] DEBUG    findfont: score(<Font 'Arial Rounded MT Bold' (Arial Rounded Bold.ttf) normal normal 400 normal>) = 10.05
2020-12-20 12:54:31,976 [font_manager.py:1346] DEBUG    findfont: score(<Font 'STIXSizeTwoSym' (STIXSizTwoSymBol.otf) normal normal 700 normal>) = 10.335
2020-12-20 12:54:31,976 [font_manager.py:1346] DEBUG    findfont: score(<Font 'Zapfino' (Zapfino.ttf) normal normal 400 normal>) = 10.05
2020-12-20 12:54:31,976 [font_manager.py:1346] DEBUG    findfont: score(<Font 'Noto Sans Runic' (NotoSansRunic-Regular.ttf) normal normal 400 normal>) = 10.05
2020-12-20 12:54:31,977 [font_manager.py:1346] DEBUG    findfont: score(<Font 'STIXSizeOneSym' (STIXSizOneSymBol.otf) normal normal 700 normal>) = 10.335
2020-12-20 12:54:31,977 [font_manager.py:1346] DEBUG    findfont: score(<Font 'Noteworthy' (Noteworthy.ttc) normal normal 300 normal>) = 10.145
2020-12-20 12:54:31,977 [font_manager.py:1346] DEBUG    findfont: score(<Font 'STIXGeneral' (STIXGeneralBolIta.otf) italic normal 700 normal>) = 11.335
2020-12-20 12:54:31,977 [font_manager.py:1346] DEBUG    findfont: score(<Font 'Hiragino Maru Gothic Pro' (ヒラギノ丸ゴ ProN W4.ttc) normal normal 400 normal>) = 10.05
2020-12-20 12:54:31,977 [font_manager.py:1346] DEBUG    findfont: score(<Font '.SF NS Display Condensed' (SFNSDisplayCondensed-Black.otf) normal normal 900 condensed>) = 10.725
2020-12-20 12:54:31,977 [font_manager.py:1346] DEBUG    findfont: score(<Font 'Devanagari Sangam MN' (Devanagari Sangam MN.ttc) normal normal 400 normal>) = 10.05
2020-12-20 12:54:31,977 [font_manager.py:1346] DEBUG    findfont: score(<Font 'Luxi Sans' (luxisri.ttf) oblique normal 400 normal>) = 11.05
2020-12-20 12:54:31,977 [font_manager.py:1346] DEBUG    findfont: score(<Font 'Courier New' (Courier New Bold.ttf) normal normal 700 normal>) = 10.335
2020-12-20 12:54:31,977 [font_manager.py:1346] DEBUG    findfont: score(<Font 'Bitstream Vera Sans' (VeraBI.ttf) oblique normal 700 normal>) = 2.244090909090909
2020-12-20 12:54:31,977 [font_manager.py:1346] DEBUG    findfont: score(<Font 'Wingdings' (Wingdings.ttf) normal normal 400 normal>) = 10.05
2020-12-20 12:54:31,977 [font_manager.py:1346] DEBUG    findfont: score(<Font 'Lao Sangam MN' (Lao Sangam MN.ttf) normal normal 400 normal>) = 10.05
2020-12-20 12:54:31,978 [font_manager.py:1346] DEBUG    findfont: score(<Font 'STIXVariants' (STIXVarBol.otf) normal normal 700 normal>) = 10.335
2020-12-20 12:54:31,978 [font_manager.py:1346] DEBUG    findfont: score(<Font 'Noto Sans Hanunoo' (NotoSansHanunoo-Regular.ttf) normal normal 400 normal>) = 10.05
2020-12-20 12:54:31,978 [font_manager.py:1346] DEBUG    findfont: score(<Font 'Arial Narrow' (Arial Narrow.ttf) normal normal 400 condensed>) = 10.25
2020-12-20 12:54:31,978 [font_manager.py:1346] DEBUG    findfont: score(<Font 'Hiragino Sans' (ヒラギノ角ゴシック W3.ttc) normal normal 300 normal>) = 10.145
2020-12-20 12:54:31,978 [font_manager.py:1346] DEBUG    findfont: score(<Font 'Trebuchet MS' (Trebuchet MS Bold Italic.ttf) italic normal 700 normal>) = 11.335
2020-12-20 12:54:31,978 [font_manager.py:1346] DEBUG    findfont: score(<Font 'Apple Braille' (Apple Braille.ttf) normal normal 400 normal>) = 10.05
2020-12-20 12:54:31,978 [font_manager.py:1346] DEBUG    findfont: score(<Font 'Telugu MN' (Telugu MN.ttc) normal normal 400 normal>) = 10.05
2020-12-20 12:54:31,978 [font_manager.py:1346] DEBUG    findfont: score(<Font 'Arial Black' (Arial Black.ttf) normal normal 900 normal>) = 10.525
2020-12-20 12:54:31,978 [font_manager.py:1346] DEBUG    findfont: score(<Font '.SF Compact Text' (SFCompactTextItalic.ttf) italic normal 400 normal>) = 11.05
2020-12-20 12:54:31,978 [font_manager.py:1346] DEBUG    findfont: score(<Font 'Arial' (Arial Bold.ttf) normal normal 700 normal>) = 6.698636363636363
2020-12-20 12:54:31,979 [font_manager.py:1346] DEBUG    findfont: score(<Font 'Sinhala Sangam MN' (Sinhala Sangam MN.ttc) normal normal 400 normal>) = 10.05
2020-12-20 12:54:31,979 [font_manager.py:1346] DEBUG    findfont: score(<Font 'Serto Jerusalem Outline' (SyrCOMJerusalemOutline.otf) normal normal 400 normal>) = 10.05
2020-12-20 12:54:31,979 [font_manager.py:1346] DEBUG    findfont: score(<Font 'Gurmukhi MN' (Gurmukhi MN.ttc) normal normal 400 normal>) = 10.05
2020-12-20 12:54:31,979 [font_manager.py:1346] DEBUG    findfont: score(<Font 'Arial' (Arial.ttf) normal normal 400 normal>) = 6.413636363636363
2020-12-20 12:54:31,979 [font_manager.py:1346] DEBUG    findfont: score(<Font 'Noto Sans Lisu' (NotoSansLisu-Regular.ttf) normal normal 400 normal>) = 10.05
2020-12-20 12:54:31,979 [font_manager.py:1346] DEBUG    findfont: score(<Font 'Andale Mono' (Andale Mono.ttf) normal normal 400 normal>) = 10.05
2020-12-20 12:54:31,979 [font_manager.py:1346] DEBUG    findfont: score(<Font '.SF NS Mono' (SFNSMono.ttf) normal normal 300 normal>) = 10.145
2020-12-20 12:54:31,979 [font_manager.py:1346] DEBUG    findfont: score(<Font 'STIXNonUnicode' (STIXNonUniBolIta.otf) italic normal 700 normal>) = 11.335
2020-12-20 12:54:31,979 [font_manager.py:1346] DEBUG    findfont: score(<Font 'Noto Sans Syloti Nagri' (NotoSansSylotiNagri-Regular.ttf) normal normal 400 normal>) = 10.05
2020-12-20 12:54:31,979 [font_manager.py:1346] DEBUG    findfont: score(<Font 'Bangla MN' (Bangla MN.ttc) normal normal 400 normal>) = 10.05
2020-12-20 12:54:31,979 [font_manager.py:1346] DEBUG    findfont: score(<Font 'STIXNonUnicode' (STIXNonUniIta.otf) italic normal 400 normal>) = 11.05
2020-12-20 12:54:31,980 [font_manager.py:1346] DEBUG    findfont: score(<Font 'Luxi Serif' (luxirbi.ttf) oblique normal 700 normal>) = 11.335
2020-12-20 12:54:31,980 [font_manager.py:1346] DEBUG    findfont: score(<Font 'Serto Mardin' (SyrCOMMardin.otf) normal normal 400 normal>) = 10.05
2020-12-20 12:54:31,980 [font_manager.py:1346] DEBUG    findfont: score(<Font 'PingFang HK' (PingFang.ttc) normal normal 400 normal>) = 10.05
2020-12-20 12:54:31,980 [font_manager.py:1346] DEBUG    findfont: score(<Font 'STIXNonUnicode' (STIXNonUniBol.otf) normal normal 700 normal>) = 10.335
2020-12-20 12:54:31,980 [font_manager.py:1346] DEBUG    findfont: score(<Font 'Mishafi Gold' (Mishafi Gold.ttf) normal normal 400 normal>) = 10.05
2020-12-20 12:54:31,980 [font_manager.py:1346] DEBUG    findfont: score(<Font 'Baskerville' (Baskerville.ttc) normal normal 400 normal>) = 10.05
2020-12-20 12:54:31,980 [font_manager.py:1346] DEBUG    findfont: score(<Font 'Noto Sans Thaana' (NotoSansThaana-Regular.ttf) normal normal 400 normal>) = 10.05
2020-12-20 12:54:31,980 [font_manager.py:1346] DEBUG    findfont: score(<Font 'Savoye LET' (Savoye LET.ttc) normal normal 400 normal>) = 10.05
2020-12-20 12:54:31,980 [font_manager.py:1346] DEBUG    findfont: score(<Font 'STIXSizeOneSym' (STIXSizOneSymReg.otf) normal normal 400 normal>) = 10.05
2020-12-20 12:54:31,980 [font_manager.py:1346] DEBUG    findfont: score(<Font 'Noto Sans Batak' (NotoSansBatak-Regular.ttf) normal normal 400 normal>) = 10.05
2020-12-20 12:54:31,981 [font_manager.py:1346] DEBUG    findfont: score(<Font 'InaiMathi' (InaiMathi-MN.ttc) normal normal 400 normal>) = 10.05
2020-12-20 12:54:31,981 [font_manager.py:1346] DEBUG    findfont: score(<Font 'Noto Sans Old Persian' (NotoSansOldPersian-Regular.ttf) normal normal 400 normal>) = 10.05
2020-12-20 12:54:31,981 [font_manager.py:1346] DEBUG    findfont: score(<Font 'Hiragino Sans' (ヒラギノ角ゴシック W4.ttc) normal normal 400 normal>) = 10.05
2020-12-20 12:54:31,981 [font_manager.py:1346] DEBUG    findfont: score(<Font 'Arial Hebrew' (ArialHB.ttc) normal normal 400 normal>) = 10.05
2020-12-20 12:54:31,981 [font_manager.py:1346] DEBUG    findfont: score(<Font 'Oriya Sangam MN' (Oriya Sangam MN.ttc) normal normal 400 normal>) = 10.05
2020-12-20 12:54:31,981 [font_manager.py:1346] DEBUG    findfont: score(<Font 'Arial Unicode MS' (Arial Unicode.ttf) normal normal 400 normal>) = 10.05
2020-12-20 12:54:31,982 [font_manager.py:1346] DEBUG    findfont: score(<Font '.SF NS Rounded' (SFNSRounded.ttf) normal normal 400 normal>) = 10.05
2020-12-20 12:54:31,982 [font_manager.py:1346] DEBUG    findfont: score(<Font 'Kokonor' (Kokonor.ttf) normal normal 400 normal>) = 10.05
2020-12-20 12:54:31,982 [font_manager.py:1367] DEBUG    findfont: Matching sans\-serif:style=normal:variant=normal:weight=normal:stretch=normal:size=10.0 to DejaVu Sans ('/Users/ryo/.local/share/virtualenvs/FindGoodModel2-ga-d05MY/lib/python3.7/site-packages/matplotlib/mpl-data/fonts/ttf/DejaVuSans.ttf') with score of 0.050000.
